This file contains any messages produced by compilers while
running configure, to aid debugging if configure makes a mistake.

It was created by Nbody6++ configure 1.0, which was
generated by GNU Autoconf 2.69.  Invocation command line was

  $ ./configure --enable-hdf5

## --------- ##
## Platform. ##
## --------- ##

hostname = pisces
uname -m = x86_64
uname -r = 4.4.0-62-generic
uname -s = Linux
uname -v = #83-Ubuntu SMP Wed Jan 18 14:10:15 UTC 2017

/usr/bin/uname -p = unknown
/bin/uname -X     = unknown

/bin/arch              = unknown
/usr/bin/arch -k       = unknown
/usr/convex/getsysinfo = unknown
/usr/bin/hostinfo      = unknown
/bin/machine           = unknown
/usr/bin/oslevel       = unknown
/bin/universe          = unknown

PATH: /usr/local/sbin
PATH: /usr/local/bin
PATH: /usr/sbin
PATH: /usr/bin
PATH: /sbin
PATH: /bin
PATH: /usr/games
PATH: /usr/local/games
PATH: /snap/bin
PATH: /usr/local/cuda/bin


## ----------- ##
## Core tests. ##
## ----------- ##

configure:2572: checking for gfortran
configure:2588: found /usr/bin/gfortran
configure:2599: result: gfortran
configure:2625: checking for Fortran compiler version
configure:2634: gfortran --version >&5
GNU Fortran (Ubuntu 5.4.0-6ubuntu1~16.04.4) 5.4.0 20160609
Copyright (C) 2015 Free Software Foundation, Inc.

GNU Fortran comes with NO WARRANTY, to the extent permitted by law.
You may redistribute copies of GNU Fortran
under the terms of the GNU General Public License.
For more information about these matters, see the file named COPYING

configure:2645: $? = 0
configure:2634: gfortran -v >&5
Using built-in specs.
COLLECT_GCC=gfortran
COLLECT_LTO_WRAPPER=/usr/lib/gcc/x86_64-linux-gnu/5/lto-wrapper
Target: x86_64-linux-gnu
Configured with: ../src/configure -v --with-pkgversion='Ubuntu 5.4.0-6ubuntu1~16.04.4' --with-bugurl=file:///usr/share/doc/gcc-5/README.Bugs --enable-languages=c,ada,c++,java,go,d,fortran,objc,obj-c++ --prefix=/usr --program-suffix=-5 --enable-shared --enable-linker-build-id --libexecdir=/usr/lib --without-included-gettext --enable-threads=posix --libdir=/usr/lib --enable-nls --with-sysroot=/ --enable-clocale=gnu --enable-libstdcxx-debug --enable-libstdcxx-time=yes --with-default-libstdcxx-abi=new --enable-gnu-unique-object --disable-vtable-verify --enable-libmpx --enable-plugin --with-system-zlib --disable-browser-plugin --enable-java-awt=gtk --enable-gtk-cairo --with-java-home=/usr/lib/jvm/java-1.5.0-gcj-5-amd64/jre --enable-java-home --with-jvm-root-dir=/usr/lib/jvm/java-1.5.0-gcj-5-amd64 --with-jvm-jar-dir=/usr/lib/jvm-exports/java-1.5.0-gcj-5-amd64 --with-arch-directory=amd64 --with-ecj-jar=/usr/share/java/eclipse-ecj.jar --enable-objc-gc --enable-multiarch --disable-werror --with-arch-32=i686 --with-abi=m64 --with-multilib-list=m32,m64,mx32 --enable-multilib --with-tune=generic --enable-checking=release --build=x86_64-linux-gnu --host=x86_64-linux-gnu --target=x86_64-linux-gnu
Thread model: posix
gcc version 5.4.0 20160609 (Ubuntu 5.4.0-6ubuntu1~16.04.4) 
configure:2645: $? = 0
configure:2634: gfortran -V >&5
gfortran: error: unrecognized command line option '-V'
gfortran: fatal error: no input files
compilation terminated.
configure:2645: $? = 1
configure:2634: gfortran -qversion >&5
gfortran: error: unrecognized command line option '-qversion'
gfortran: fatal error: no input files
compilation terminated.
configure:2645: $? = 1
configure:2660: checking whether the Fortran compiler works
configure:2682: gfortran    conftest.f  >&5
configure:2686: $? = 0
configure:2734: result: yes
configure:2737: checking for Fortran compiler default output file name
configure:2739: result: a.out
configure:2745: checking for suffix of executables
configure:2752: gfortran -o conftest    conftest.f  >&5
configure:2756: $? = 0
configure:2778: result: 
configure:2794: checking whether we are cross compiling
configure:2802: gfortran -o conftest    conftest.f  >&5
configure:2806: $? = 0
configure:2813: ./conftest
configure:2817: $? = 0
configure:2832: result: no
configure:2837: checking for suffix of object files
configure:2853: gfortran -c   conftest.f >&5
configure:2857: $? = 0
configure:2878: result: o
configure:2886: checking whether we are using the GNU Fortran compiler
configure:2899: gfortran -c   conftest.F >&5
configure:2899: $? = 0
configure:2908: result: yes
configure:2914: checking whether gfortran accepts -g
configure:2925: gfortran -c -g  conftest.f >&5
configure:2925: $? = 0
configure:2933: result: yes
configure:2966: checking for Fortran flag to enable array-bounds checking
configure:2984: gfortran -o conftest -g -O2 -fcheck=bounds   conftest.f  >&5
configure:2984: $? = 0
configure:3003: gfortran -o conftest -g -O2 -fcheck=bounds   conftest.f  >&5
configure:3003: $? = 0
configure:3015: ./conftest
At line 4 of file conftest.f
Fortran runtime error: Index '8' of dimension 1 of array 'a' above upper bound of 7
configure:3019: $? = 2
configure:3038: result: -fcheck=bounds
configure:3120: checking whether Fortran compiler accepts -fPIC
configure:3133: gfortran -c  -O3  -fPIC  conftest.f >&5
configure:3133: $? = 0
configure:3141: result: yes
configure:3183: checking whether Fortran compiler accepts -mcmodel=medium
configure:3196: gfortran -c  -O3 -fPIC  -mcmodel=medium  conftest.f >&5
configure:3196: $? = 0
configure:3205: result: yes
configure:3225: checking for gfortran option to support OpenMP
configure:3240: gfortran -o conftest  -O3 -fPIC -mcmodel=medium   conftest.f  >&5
conftest.f:5:9:

       tid = 42
         1
Error: Symbol 'tid' at (1) has no IMPLICIT type
configure:3240: $? = 1
configure: failed program was:
| 
|       program main
|       implicit none
| !$    integer tid
|       tid = 42
|       call omp_set_num_threads(2)
|       end
| 
configure:3258: gfortran -o conftest  -O3 -fPIC -mcmodel=medium -fopenmp   conftest.f  >&5
configure:3258: $? = 0
configure:3272: result: -fopenmp
configure:3298: checking for h5pfc
configure:3314: found /usr/bin/h5pfc
configure:3326: result: h5pfc
configure:3739: checking for g++
configure:3755: found /usr/bin/g++
configure:3766: result: g++
configure:3793: checking for C++ compiler version
configure:3802: g++ --version >&5
g++ (Ubuntu 5.4.0-6ubuntu1~16.04.4) 5.4.0 20160609
Copyright (C) 2015 Free Software Foundation, Inc.
This is free software; see the source for copying conditions.  There is NO
warranty; not even for MERCHANTABILITY or FITNESS FOR A PARTICULAR PURPOSE.

configure:3813: $? = 0
configure:3802: g++ -v >&5
Using built-in specs.
COLLECT_GCC=g++
COLLECT_LTO_WRAPPER=/usr/lib/gcc/x86_64-linux-gnu/5/lto-wrapper
Target: x86_64-linux-gnu
Configured with: ../src/configure -v --with-pkgversion='Ubuntu 5.4.0-6ubuntu1~16.04.4' --with-bugurl=file:///usr/share/doc/gcc-5/README.Bugs --enable-languages=c,ada,c++,java,go,d,fortran,objc,obj-c++ --prefix=/usr --program-suffix=-5 --enable-shared --enable-linker-build-id --libexecdir=/usr/lib --without-included-gettext --enable-threads=posix --libdir=/usr/lib --enable-nls --with-sysroot=/ --enable-clocale=gnu --enable-libstdcxx-debug --enable-libstdcxx-time=yes --with-default-libstdcxx-abi=new --enable-gnu-unique-object --disable-vtable-verify --enable-libmpx --enable-plugin --with-system-zlib --disable-browser-plugin --enable-java-awt=gtk --enable-gtk-cairo --with-java-home=/usr/lib/jvm/java-1.5.0-gcj-5-amd64/jre --enable-java-home --with-jvm-root-dir=/usr/lib/jvm/java-1.5.0-gcj-5-amd64 --with-jvm-jar-dir=/usr/lib/jvm-exports/java-1.5.0-gcj-5-amd64 --with-arch-directory=amd64 --with-ecj-jar=/usr/share/java/eclipse-ecj.jar --enable-objc-gc --enable-multiarch --disable-werror --with-arch-32=i686 --with-abi=m64 --with-multilib-list=m32,m64,mx32 --enable-multilib --with-tune=generic --enable-checking=release --build=x86_64-linux-gnu --host=x86_64-linux-gnu --target=x86_64-linux-gnu
Thread model: posix
gcc version 5.4.0 20160609 (Ubuntu 5.4.0-6ubuntu1~16.04.4) 
configure:3813: $? = 0
configure:3802: g++ -V >&5
g++: error: unrecognized command line option '-V'
g++: fatal error: no input files
compilation terminated.
configure:3813: $? = 1
configure:3802: g++ -qversion >&5
g++: error: unrecognized command line option '-qversion'
g++: fatal error: no input files
compilation terminated.
configure:3813: $? = 1
configure:3817: checking whether we are using the GNU C++ compiler
configure:3836: g++ -c   conftest.cpp >&5
configure:3836: $? = 0
configure:3845: result: yes
configure:3854: checking whether g++ accepts -g
configure:3874: g++ -c -g  conftest.cpp >&5
configure:3874: $? = 0
configure:3915: result: yes
configure:3986: checking for gcc
configure:4002: found /usr/bin/gcc
configure:4013: result: gcc
configure:4242: checking for C compiler version
configure:4251: gcc --version >&5
gcc (Ubuntu 5.4.0-6ubuntu1~16.04.4) 5.4.0 20160609
Copyright (C) 2015 Free Software Foundation, Inc.
This is free software; see the source for copying conditions.  There is NO
warranty; not even for MERCHANTABILITY or FITNESS FOR A PARTICULAR PURPOSE.

configure:4262: $? = 0
configure:4251: gcc -v >&5
Using built-in specs.
COLLECT_GCC=gcc
COLLECT_LTO_WRAPPER=/usr/lib/gcc/x86_64-linux-gnu/5/lto-wrapper
Target: x86_64-linux-gnu
Configured with: ../src/configure -v --with-pkgversion='Ubuntu 5.4.0-6ubuntu1~16.04.4' --with-bugurl=file:///usr/share/doc/gcc-5/README.Bugs --enable-languages=c,ada,c++,java,go,d,fortran,objc,obj-c++ --prefix=/usr --program-suffix=-5 --enable-shared --enable-linker-build-id --libexecdir=/usr/lib --without-included-gettext --enable-threads=posix --libdir=/usr/lib --enable-nls --with-sysroot=/ --enable-clocale=gnu --enable-libstdcxx-debug --enable-libstdcxx-time=yes --with-default-libstdcxx-abi=new --enable-gnu-unique-object --disable-vtable-verify --enable-libmpx --enable-plugin --with-system-zlib --disable-browser-plugin --enable-java-awt=gtk --enable-gtk-cairo --with-java-home=/usr/lib/jvm/java-1.5.0-gcj-5-amd64/jre --enable-java-home --with-jvm-root-dir=/usr/lib/jvm/java-1.5.0-gcj-5-amd64 --with-jvm-jar-dir=/usr/lib/jvm-exports/java-1.5.0-gcj-5-amd64 --with-arch-directory=amd64 --with-ecj-jar=/usr/share/java/eclipse-ecj.jar --enable-objc-gc --enable-multiarch --disable-werror --with-arch-32=i686 --with-abi=m64 --with-multilib-list=m32,m64,mx32 --enable-multilib --with-tune=generic --enable-checking=release --build=x86_64-linux-gnu --host=x86_64-linux-gnu --target=x86_64-linux-gnu
Thread model: posix
gcc version 5.4.0 20160609 (Ubuntu 5.4.0-6ubuntu1~16.04.4) 
configure:4262: $? = 0
configure:4251: gcc -V >&5
gcc: error: unrecognized command line option '-V'
gcc: fatal error: no input files
compilation terminated.
configure:4262: $? = 1
configure:4251: gcc -qversion >&5
gcc: error: unrecognized command line option '-qversion'
gcc: fatal error: no input files
compilation terminated.
configure:4262: $? = 1
configure:4266: checking whether we are using the GNU C compiler
configure:4285: gcc -c   conftest.c >&5
configure:4285: $? = 0
configure:4294: result: yes
configure:4303: checking whether gcc accepts -g
configure:4323: gcc -c -g  conftest.c >&5
configure:4323: $? = 0
configure:4364: result: yes
configure:4381: checking for gcc option to accept ISO C89
configure:4444: gcc  -c -g -O2  conftest.c >&5
configure:4444: $? = 0
configure:4457: result: none needed
configure:4479: checking for main in -lstdc++
configure:4498: g++ -o conftest -g -O2   conftest.cpp -lstdc++   >&5
configure:4498: $? = 0
configure:4507: result: yes
configure:4528: checking for g++ option to support OpenMP
configure:4543: g++ -o conftest  -O3   conftest.cpp  -lstdc++ >&5
conftest.cpp:11:2: error: 'choke' does not name a type
  choke me
  ^
In file included from conftest.cpp:13:0:
/usr/lib/gcc/x86_64-linux-gnu/5/include/omp.h:39:3: error: 'omp_lock_t' does not name a type
 } omp_lock_t;
   ^
/usr/lib/gcc/x86_64-linux-gnu/5/include/omp.h:91:28: error: variable or field 'omp_init_lock' declared void
 extern void omp_init_lock (omp_lock_t *) __GOMP_NOTHROW;
                            ^
/usr/lib/gcc/x86_64-linux-gnu/5/include/omp.h:91:28: error: 'omp_lock_t' was not declared in this scope
/usr/lib/gcc/x86_64-linux-gnu/5/include/omp.h:91:40: error: expected primary-expression before ')' token
 extern void omp_init_lock (omp_lock_t *) __GOMP_NOTHROW;
                                        ^
/usr/lib/gcc/x86_64-linux-gnu/5/include/omp.h:92:31: error: variable or field 'omp_destroy_lock' declared void
 extern void omp_destroy_lock (omp_lock_t *) __GOMP_NOTHROW;
                               ^
/usr/lib/gcc/x86_64-linux-gnu/5/include/omp.h:92:31: error: 'omp_lock_t' was not declared in this scope
/usr/lib/gcc/x86_64-linux-gnu/5/include/omp.h:92:43: error: expected primary-expression before ')' token
 extern void omp_destroy_lock (omp_lock_t *) __GOMP_NOTHROW;
                                           ^
/usr/lib/gcc/x86_64-linux-gnu/5/include/omp.h:93:27: error: variable or field 'omp_set_lock' declared void
 extern void omp_set_lock (omp_lock_t *) __GOMP_NOTHROW;
                           ^
/usr/lib/gcc/x86_64-linux-gnu/5/include/omp.h:93:27: error: 'omp_lock_t' was not declared in this scope
/usr/lib/gcc/x86_64-linux-gnu/5/include/omp.h:93:39: error: expected primary-expression before ')' token
 extern void omp_set_lock (omp_lock_t *) __GOMP_NOTHROW;
                                       ^
/usr/lib/gcc/x86_64-linux-gnu/5/include/omp.h:94:29: error: variable or field 'omp_unset_lock' declared void
 extern void omp_unset_lock (omp_lock_t *) __GOMP_NOTHROW;
                             ^
/usr/lib/gcc/x86_64-linux-gnu/5/include/omp.h:94:29: error: 'omp_lock_t' was not declared in this scope
/usr/lib/gcc/x86_64-linux-gnu/5/include/omp.h:94:41: error: expected primary-expression before ')' token
 extern void omp_unset_lock (omp_lock_t *) __GOMP_NOTHROW;
                                         ^
/usr/lib/gcc/x86_64-linux-gnu/5/include/omp.h:95:27: error: 'omp_lock_t' was not declared in this scope
 extern int omp_test_lock (omp_lock_t *) __GOMP_NOTHROW;
                           ^
/usr/lib/gcc/x86_64-linux-gnu/5/include/omp.h:95:39: error: expected primary-expression before ')' token
 extern int omp_test_lock (omp_lock_t *) __GOMP_NOTHROW;
                                       ^
/usr/lib/gcc/x86_64-linux-gnu/5/include/omp.h:95:41: error: expected ',' or ';' before 'throw'
 extern int omp_test_lock (omp_lock_t *) __GOMP_NOTHROW;
                                         ^
configure:4543: $? = 1
configure: failed program was:
| /* confdefs.h */
| #define PACKAGE_NAME "Nbody6++"
| #define PACKAGE_TARNAME "nbody6--"
| #define PACKAGE_VERSION "1.0"
| #define PACKAGE_STRING "Nbody6++ 1.0"
| #define PACKAGE_BUGREPORT "longwang.astro@gmail.com"
| #define PACKAGE_URL ""
| /* end confdefs.h.  */
| 
| #ifndef _OPENMP
|  choke me
| #endif
| #include <omp.h>
| int main () { return omp_get_num_threads (); }
| 
configure:4561: g++ -o conftest  -O3 -fopenmp   conftest.cpp  -lstdc++ >&5
configure:4561: $? = 0
configure:4575: result: -fopenmp
configure:4590: checking whether C++ compiler accepts -march=native
configure:4609: g++ -c  -O3 -fopenmp -I../include  -march=native  conftest.cpp >&5
configure:4609: $? = 0
configure:4617: result: yes
configure:4627: checking whether C++ compiler accepts -fPIC
configure:4646: g++ -c  -O3 -fopenmp -I../include -march=native  -fPIC  conftest.cpp >&5
configure:4646: $? = 0
configure:4654: result: yes
configure:4702: checking whether C++ compiler accepts -mcmodel=medium
configure:4721: g++ -c  -O3 -fopenmp -I../include -march=native -fPIC  -mcmodel=medium  conftest.cpp >&5
configure:4721: $? = 0
configure:4730: result: yes
configure:4745: checking for "/proc/cpuinfo"
configure:4759: result: yes
configure:4762: checking for grep that handles long lines and -e
configure:4820: result: /bin/grep
configure:4830: checking whether current CPU support avx
configure:4836: result: yes
configure:4843: checking whether C++ compiler accepts -mavx
configure:4862: g++ -c  -O3 -fopenmp -I../include -march=native -fPIC -mcmodel=medium  -mavx  conftest.cpp >&5
configure:4862: $? = 0
configure:4871: result: yes
configure:4899: checking how to run the C++ preprocessor
configure:4926: g++ -E  conftest.cpp
configure:4926: $? = 0
configure:4940: g++ -E  conftest.cpp
conftest.cpp:9:28: fatal error: ac_nonexistent.h: No such file or directory
compilation terminated.
configure:4940: $? = 1
configure: failed program was:
| /* confdefs.h */
| #define PACKAGE_NAME "Nbody6++"
| #define PACKAGE_TARNAME "nbody6--"
| #define PACKAGE_VERSION "1.0"
| #define PACKAGE_STRING "Nbody6++ 1.0"
| #define PACKAGE_BUGREPORT "longwang.astro@gmail.com"
| #define PACKAGE_URL ""
| /* end confdefs.h.  */
| #include <ac_nonexistent.h>
configure:4965: result: g++ -E
configure:4985: g++ -E  conftest.cpp
configure:4985: $? = 0
configure:4999: g++ -E  conftest.cpp
conftest.cpp:9:28: fatal error: ac_nonexistent.h: No such file or directory
compilation terminated.
configure:4999: $? = 1
configure: failed program was:
| /* confdefs.h */
| #define PACKAGE_NAME "Nbody6++"
| #define PACKAGE_TARNAME "nbody6--"
| #define PACKAGE_VERSION "1.0"
| #define PACKAGE_STRING "Nbody6++ 1.0"
| #define PACKAGE_BUGREPORT "longwang.astro@gmail.com"
| #define PACKAGE_URL ""
| /* end confdefs.h.  */
| #include <ac_nonexistent.h>
configure:5028: checking for egrep
configure:5090: result: /bin/grep -E
configure:5095: checking for ANSI C header files
configure:5115: g++ -c  -O3 -fopenmp -I../include -march=native -fPIC -mcmodel=medium -mavx  conftest.cpp >&5
configure:5115: $? = 0
configure:5188: g++ -o conftest  -O3 -fopenmp -I../include -march=native -fPIC -mcmodel=medium -mavx   conftest.cpp  -lstdc++ >&5
configure:5188: $? = 0
configure:5188: ./conftest
configure:5188: $? = 0
configure:5199: result: yes
configure:5212: checking for sys/types.h
configure:5212: g++ -c  -O3 -fopenmp -I../include -march=native -fPIC -mcmodel=medium -mavx  conftest.cpp >&5
configure:5212: $? = 0
configure:5212: result: yes
configure:5212: checking for sys/stat.h
configure:5212: g++ -c  -O3 -fopenmp -I../include -march=native -fPIC -mcmodel=medium -mavx  conftest.cpp >&5
configure:5212: $? = 0
configure:5212: result: yes
configure:5212: checking for stdlib.h
configure:5212: g++ -c  -O3 -fopenmp -I../include -march=native -fPIC -mcmodel=medium -mavx  conftest.cpp >&5
configure:5212: $? = 0
configure:5212: result: yes
configure:5212: checking for string.h
configure:5212: g++ -c  -O3 -fopenmp -I../include -march=native -fPIC -mcmodel=medium -mavx  conftest.cpp >&5
configure:5212: $? = 0
configure:5212: result: yes
configure:5212: checking for memory.h
configure:5212: g++ -c  -O3 -fopenmp -I../include -march=native -fPIC -mcmodel=medium -mavx  conftest.cpp >&5
configure:5212: $? = 0
configure:5212: result: yes
configure:5212: checking for strings.h
configure:5212: g++ -c  -O3 -fopenmp -I../include -march=native -fPIC -mcmodel=medium -mavx  conftest.cpp >&5
configure:5212: $? = 0
configure:5212: result: yes
configure:5212: checking for inttypes.h
configure:5212: g++ -c  -O3 -fopenmp -I../include -march=native -fPIC -mcmodel=medium -mavx  conftest.cpp >&5
configure:5212: $? = 0
configure:5212: result: yes
configure:5212: checking for stdint.h
configure:5212: g++ -c  -O3 -fopenmp -I../include -march=native -fPIC -mcmodel=medium -mavx  conftest.cpp >&5
configure:5212: $? = 0
configure:5212: result: yes
configure:5212: checking for unistd.h
configure:5212: g++ -c  -O3 -fopenmp -I../include -march=native -fPIC -mcmodel=medium -mavx  conftest.cpp >&5
configure:5212: $? = 0
configure:5212: result: yes
configure:5227: checking for stdlib.h
configure:5227: result: yes
configure:5227: checking for string.h
configure:5227: result: yes
configure:5227: checking for strings.h
configure:5227: result: yes
configure:5227: checking sys/time.h usability
configure:5227: g++ -c  -O3 -fopenmp -I../include -march=native -fPIC -mcmodel=medium -mavx  conftest.cpp >&5
configure:5227: $? = 0
configure:5227: result: yes
configure:5227: checking sys/time.h presence
configure:5227: g++ -E  conftest.cpp
configure:5227: $? = 0
configure:5227: result: yes
configure:5227: checking for sys/time.h
configure:5227: result: yes
configure:5227: checking for unistd.h
configure:5227: result: yes
configure:5227: checking omp_lib.h usability
configure:5227: g++ -c  -O3 -fopenmp -I../include -march=native -fPIC -mcmodel=medium -mavx  conftest.cpp >&5
conftest.cpp:57:21: fatal error: omp_lib.h: No such file or directory
compilation terminated.
configure:5227: $? = 1
configure: failed program was:
| /* confdefs.h */
| #define PACKAGE_NAME "Nbody6++"
| #define PACKAGE_TARNAME "nbody6--"
| #define PACKAGE_VERSION "1.0"
| #define PACKAGE_STRING "Nbody6++ 1.0"
| #define PACKAGE_BUGREPORT "longwang.astro@gmail.com"
| #define PACKAGE_URL ""
| #define STDC_HEADERS 1
| #define HAVE_SYS_TYPES_H 1
| #define HAVE_SYS_STAT_H 1
| #define HAVE_STDLIB_H 1
| #define HAVE_STRING_H 1
| #define HAVE_MEMORY_H 1
| #define HAVE_STRINGS_H 1
| #define HAVE_INTTYPES_H 1
| #define HAVE_STDINT_H 1
| #define HAVE_UNISTD_H 1
| #define HAVE_STDLIB_H 1
| #define HAVE_STRING_H 1
| #define HAVE_STRINGS_H 1
| #define HAVE_SYS_TIME_H 1
| #define HAVE_UNISTD_H 1
| /* end confdefs.h.  */
| #include <stdio.h>
| #ifdef HAVE_SYS_TYPES_H
| # include <sys/types.h>
| #endif
| #ifdef HAVE_SYS_STAT_H
| # include <sys/stat.h>
| #endif
| #ifdef STDC_HEADERS
| # include <stdlib.h>
| # include <stddef.h>
| #else
| # ifdef HAVE_STDLIB_H
| #  include <stdlib.h>
| # endif
| #endif
| #ifdef HAVE_STRING_H
| # if !defined STDC_HEADERS && defined HAVE_MEMORY_H
| #  include <memory.h>
| # endif
| # include <string.h>
| #endif
| #ifdef HAVE_STRINGS_H
| # include <strings.h>
| #endif
| #ifdef HAVE_INTTYPES_H
| # include <inttypes.h>
| #endif
| #ifdef HAVE_STDINT_H
| # include <stdint.h>
| #endif
| #ifdef HAVE_UNISTD_H
| # include <unistd.h>
| #endif
| #include <omp_lib.h>
configure:5227: result: no
configure:5227: checking omp_lib.h presence
configure:5227: g++ -E  conftest.cpp
conftest.cpp:24:21: fatal error: omp_lib.h: No such file or directory
compilation terminated.
configure:5227: $? = 1
configure: failed program was:
| /* confdefs.h */
| #define PACKAGE_NAME "Nbody6++"
| #define PACKAGE_TARNAME "nbody6--"
| #define PACKAGE_VERSION "1.0"
| #define PACKAGE_STRING "Nbody6++ 1.0"
| #define PACKAGE_BUGREPORT "longwang.astro@gmail.com"
| #define PACKAGE_URL ""
| #define STDC_HEADERS 1
| #define HAVE_SYS_TYPES_H 1
| #define HAVE_SYS_STAT_H 1
| #define HAVE_STDLIB_H 1
| #define HAVE_STRING_H 1
| #define HAVE_MEMORY_H 1
| #define HAVE_STRINGS_H 1
| #define HAVE_INTTYPES_H 1
| #define HAVE_STDINT_H 1
| #define HAVE_UNISTD_H 1
| #define HAVE_STDLIB_H 1
| #define HAVE_STRING_H 1
| #define HAVE_STRINGS_H 1
| #define HAVE_SYS_TIME_H 1
| #define HAVE_UNISTD_H 1
| /* end confdefs.h.  */
| #include <omp_lib.h>
configure:5227: result: no
configure:5227: checking for omp_lib.h
configure:5227: result: no
configure:5239: checking for stdbool.h that conforms to C99
configure:5306: g++ -c  -O3 -fopenmp -I../include -march=native -fPIC -mcmodel=medium -mavx  conftest.cpp >&5
configure:5306: $? = 0
configure:5313: result: yes
configure:5315: checking for _Bool
configure:5315: g++ -c  -O3 -fopenmp -I../include -march=native -fPIC -mcmodel=medium -mavx  conftest.cpp >&5
conftest.cpp: In function 'int main()':
conftest.cpp:60:13: error: '_Bool' was not declared in this scope
 if (sizeof (_Bool))
             ^
configure:5315: $? = 1
configure: failed program was:
| /* confdefs.h */
| #define PACKAGE_NAME "Nbody6++"
| #define PACKAGE_TARNAME "nbody6--"
| #define PACKAGE_VERSION "1.0"
| #define PACKAGE_STRING "Nbody6++ 1.0"
| #define PACKAGE_BUGREPORT "longwang.astro@gmail.com"
| #define PACKAGE_URL ""
| #define STDC_HEADERS 1
| #define HAVE_SYS_TYPES_H 1
| #define HAVE_SYS_STAT_H 1
| #define HAVE_STDLIB_H 1
| #define HAVE_STRING_H 1
| #define HAVE_MEMORY_H 1
| #define HAVE_STRINGS_H 1
| #define HAVE_INTTYPES_H 1
| #define HAVE_STDINT_H 1
| #define HAVE_UNISTD_H 1
| #define HAVE_STDLIB_H 1
| #define HAVE_STRING_H 1
| #define HAVE_STRINGS_H 1
| #define HAVE_SYS_TIME_H 1
| #define HAVE_UNISTD_H 1
| /* end confdefs.h.  */
| #include <stdio.h>
| #ifdef HAVE_SYS_TYPES_H
| # include <sys/types.h>
| #endif
| #ifdef HAVE_SYS_STAT_H
| # include <sys/stat.h>
| #endif
| #ifdef STDC_HEADERS
| # include <stdlib.h>
| # include <stddef.h>
| #else
| # ifdef HAVE_STDLIB_H
| #  include <stdlib.h>
| # endif
| #endif
| #ifdef HAVE_STRING_H
| # if !defined STDC_HEADERS && defined HAVE_MEMORY_H
| #  include <memory.h>
| # endif
| # include <string.h>
| #endif
| #ifdef HAVE_STRINGS_H
| # include <strings.h>
| #endif
| #ifdef HAVE_INTTYPES_H
| # include <inttypes.h>
| #endif
| #ifdef HAVE_STDINT_H
| # include <stdint.h>
| #endif
| #ifdef HAVE_UNISTD_H
| # include <unistd.h>
| #endif
| int
| main ()
| {
| if (sizeof (_Bool))
| 	 return 0;
|   ;
|   return 0;
| }
configure:5315: result: no
configure:5326: checking for inline
configure:5342: g++ -c  -O3 -fopenmp -I../include -march=native -fPIC -mcmodel=medium -mavx  conftest.cpp >&5
configure:5342: $? = 0
configure:5350: result: inline
configure:5368: checking for size_t
configure:5368: g++ -c  -O3 -fopenmp -I../include -march=native -fPIC -mcmodel=medium -mavx  conftest.cpp >&5
configure:5368: $? = 0
configure:5368: g++ -c  -O3 -fopenmp -I../include -march=native -fPIC -mcmodel=medium -mavx  conftest.cpp >&5
conftest.cpp: In function 'int main()':
conftest.cpp:60:20: error: expected primary-expression before ')' token
 if (sizeof ((size_t)))
                    ^
configure:5368: $? = 1
configure: failed program was:
| /* confdefs.h */
| #define PACKAGE_NAME "Nbody6++"
| #define PACKAGE_TARNAME "nbody6--"
| #define PACKAGE_VERSION "1.0"
| #define PACKAGE_STRING "Nbody6++ 1.0"
| #define PACKAGE_BUGREPORT "longwang.astro@gmail.com"
| #define PACKAGE_URL ""
| #define STDC_HEADERS 1
| #define HAVE_SYS_TYPES_H 1
| #define HAVE_SYS_STAT_H 1
| #define HAVE_STDLIB_H 1
| #define HAVE_STRING_H 1
| #define HAVE_MEMORY_H 1
| #define HAVE_STRINGS_H 1
| #define HAVE_INTTYPES_H 1
| #define HAVE_STDINT_H 1
| #define HAVE_UNISTD_H 1
| #define HAVE_STDLIB_H 1
| #define HAVE_STRING_H 1
| #define HAVE_STRINGS_H 1
| #define HAVE_SYS_TIME_H 1
| #define HAVE_UNISTD_H 1
| /* end confdefs.h.  */
| #include <stdio.h>
| #ifdef HAVE_SYS_TYPES_H
| # include <sys/types.h>
| #endif
| #ifdef HAVE_SYS_STAT_H
| # include <sys/stat.h>
| #endif
| #ifdef STDC_HEADERS
| # include <stdlib.h>
| # include <stddef.h>
| #else
| # ifdef HAVE_STDLIB_H
| #  include <stdlib.h>
| # endif
| #endif
| #ifdef HAVE_STRING_H
| # if !defined STDC_HEADERS && defined HAVE_MEMORY_H
| #  include <memory.h>
| # endif
| # include <string.h>
| #endif
| #ifdef HAVE_STRINGS_H
| # include <strings.h>
| #endif
| #ifdef HAVE_INTTYPES_H
| # include <inttypes.h>
| #endif
| #ifdef HAVE_STDINT_H
| # include <stdint.h>
| #endif
| #ifdef HAVE_UNISTD_H
| # include <unistd.h>
| #endif
| int
| main ()
| {
| if (sizeof ((size_t)))
| 	    return 0;
|   ;
|   return 0;
| }
configure:5368: result: yes
configure:5383: checking for stdlib.h
configure:5383: result: yes
configure:5393: checking for GNU libc compatible malloc
configure:5417: g++ -o conftest  -O3 -fopenmp -I../include -march=native -fPIC -mcmodel=medium -mavx   conftest.cpp  -lstdc++ >&5
configure:5417: $? = 0
configure:5417: ./conftest
configure:5417: $? = 0
configure:5427: result: yes
configure:5451: checking for gettimeofday
configure:5451: g++ -o conftest  -O3 -fopenmp -I../include -march=native -fPIC -mcmodel=medium -mavx   conftest.cpp  -lstdc++ >&5
configure:5451: $? = 0
configure:5451: result: yes
configure:5451: checking for memset
configure:5451: g++ -o conftest  -O3 -fopenmp -I../include -march=native -fPIC -mcmodel=medium -mavx   conftest.cpp  -lstdc++ >&5
configure:5451: $? = 0
configure:5451: result: yes
configure:5451: checking for sqrt
configure:5451: g++ -o conftest  -O3 -fopenmp -I../include -march=native -fPIC -mcmodel=medium -mavx   conftest.cpp  -lstdc++ >&5
configure:5451: $? = 0
configure:5451: result: yes
configure:5451: checking for strchr
configure:5451: g++ -o conftest  -O3 -fopenmp -I../include -march=native -fPIC -mcmodel=medium -mavx   conftest.cpp  -lstdc++ >&5
configure:5451: $? = 0
configure:5451: result: yes
configure:5484: checking for nvcc
configure:5500: found /usr/local/cuda/bin/nvcc
configure:5512: result: nvcc
configure:5566: checking for a sed that does not truncate output
configure:5630: result: /bin/sed
configure:5637: checking for main in -lcudart
configure:5656: g++ -o conftest  -O3 -fopenmp -I../include -march=native -fPIC -mcmodel=medium -mavx   conftest.cpp -lcudart   -lstdc++ >&5
/usr/bin/ld: cannot find -lcudart
collect2: error: ld returned 1 exit status
configure:5656: $? = 1
configure: failed program was:
| /* confdefs.h */
| #define PACKAGE_NAME "Nbody6++"
| #define PACKAGE_TARNAME "nbody6--"
| #define PACKAGE_VERSION "1.0"
| #define PACKAGE_STRING "Nbody6++ 1.0"
| #define PACKAGE_BUGREPORT "longwang.astro@gmail.com"
| #define PACKAGE_URL ""
| #define STDC_HEADERS 1
| #define HAVE_SYS_TYPES_H 1
| #define HAVE_SYS_STAT_H 1
| #define HAVE_STDLIB_H 1
| #define HAVE_STRING_H 1
| #define HAVE_MEMORY_H 1
| #define HAVE_STRINGS_H 1
| #define HAVE_INTTYPES_H 1
| #define HAVE_STDINT_H 1
| #define HAVE_UNISTD_H 1
| #define HAVE_STDLIB_H 1
| #define HAVE_STRING_H 1
| #define HAVE_STRINGS_H 1
| #define HAVE_SYS_TIME_H 1
| #define HAVE_UNISTD_H 1
| #define HAVE_STDLIB_H 1
| #define HAVE_MALLOC 1
| #define HAVE_GETTIMEOFDAY 1
| #define HAVE_MEMSET 1
| #define HAVE_SQRT 1
| #define HAVE_STRCHR 1
| /* end confdefs.h.  */
| 
| 
| int
| main ()
| {
| return main ();
|   ;
|   return 0;
| }
configure:5665: result: no
configure:5671: checking for "/usr/local/cuda/lib64/libcudart.so"
configure:5685: result: yes
configure:5704: checking for gawk
configure:5734: result: no
configure:5704: checking for mawk
configure:5720: found /usr/bin/mawk
configure:5731: result: mawk
configure:5742: checking for CUDA version
configure:5746: result: 8.0
configure:5751: checking for "/usr/local/cuda/samples/common/inc/helper_cuda.h"
configure:5765: result: yes
configure:6032: ----------------------Configure Summary--------------------
configure:6034: --Features:
configure:6036:      Using MPI:      yes
configure:6038:      Using GPU:      yes
configure:6040:      CUDA version:   8.0
configure:6042:      Using SIMD:     avx
configure:6051:      mcmodel:        medium
configure:6053:      OpenMP option:  -fopenmp
configure:6055:      Debug mode:     no
configure:6057:      HDF5 format:    yes
configure:6059: --Compilers:
configure:6061:      C++ compiler:      g++
configure:6063:      Fortran compiler:  h5pfc
configure:6065:      CUDA compiler:     nvcc
configure:6067: --Targets:
configure:6069:      Program name:   nbody6++.mpi.hdf5.avx.gpu
configure:6071:      Extra tools:    no
configure:6073:      Install path:   NONE
configure:6075: --Parameters:
configure:6077:      NMAX:           24576
configure:6079:      KMAX:           8192
configure:6081:      LMAX:           400
configure:6083:      MMAX:           512
configure:6085: -----------------------------------------------------------
configure:6249: creating ./config.status

## ---------------------- ##
## Running config.status. ##
## ---------------------- ##

This file was extended by Nbody6++ config.status 1.0, which was
generated by GNU Autoconf 2.69.  Invocation command line was

  CONFIG_FILES    = 
  CONFIG_HEADERS  = 
  CONFIG_LINKS    = 
  CONFIG_COMMANDS = 
  $ ./config.status 

on pisces

config.status:747: creating Makefile
config.status:747: creating build/Makefile
config.status:747: creating include/params.h

## ---------------- ##
## Cache variables. ##
## ---------------- ##

ac_cv_c_compiler_gnu=yes
ac_cv_c_inline=inline
ac_cv_cxx_compiler_gnu=yes
ac_cv_env_CCC_set=
ac_cv_env_CCC_value=
ac_cv_env_CC_set=
ac_cv_env_CC_value=
ac_cv_env_CFLAGS_set=
ac_cv_env_CFLAGS_value=
ac_cv_env_CPPFLAGS_set=
ac_cv_env_CPPFLAGS_value=
ac_cv_env_CXXCPP_set=
ac_cv_env_CXXCPP_value=
ac_cv_env_CXXFLAGS_set=
ac_cv_env_CXXFLAGS_value=
ac_cv_env_CXX_set=
ac_cv_env_CXX_value=
ac_cv_env_FCFLAGS_set=
ac_cv_env_FCFLAGS_value=
ac_cv_env_FC_set=
ac_cv_env_FC_value=
ac_cv_env_LDFLAGS_set=
ac_cv_env_LDFLAGS_value=
ac_cv_env_LIBS_set=
ac_cv_env_LIBS_value=
ac_cv_env_build_alias_set=
ac_cv_env_build_alias_value=
ac_cv_env_host_alias_set=
ac_cv_env_host_alias_value=
ac_cv_env_target_alias_set=
ac_cv_env_target_alias_value=
ac_cv_fc_check_bounds=-fcheck=bounds
ac_cv_fc_compiler_gnu=yes
ac_cv_file__proc_cpuinfo=yes
ac_cv_file__usr_local_cuda_lib64_libcudart_so=yes
ac_cv_file__usr_local_cuda_samples_common_inc_helper_cuda_h=yes
ac_cv_func_gettimeofday=yes
ac_cv_func_malloc_0_nonnull=yes
ac_cv_func_memset=yes
ac_cv_func_sqrt=yes
ac_cv_func_strchr=yes
ac_cv_header_inttypes_h=yes
ac_cv_header_memory_h=yes
ac_cv_header_omp_lib_h=no
ac_cv_header_stdbool_h=yes
ac_cv_header_stdc=yes
ac_cv_header_stdint_h=yes
ac_cv_header_stdlib_h=yes
ac_cv_header_string_h=yes
ac_cv_header_strings_h=yes
ac_cv_header_sys_stat_h=yes
ac_cv_header_sys_time_h=yes
ac_cv_header_sys_types_h=yes
ac_cv_header_unistd_h=yes
ac_cv_lib_cudart_main=no
ac_cv_lib_stdcpp_main=yes
ac_cv_objext=o
ac_cv_path_EGREP='/bin/grep -E'
ac_cv_path_GREP=/bin/grep
ac_cv_path_SED=/bin/sed
ac_cv_prog_AWK=mawk
ac_cv_prog_CXXCPP='g++ -E'
ac_cv_prog_FC=h5pfc
ac_cv_prog_NVCC=nvcc
ac_cv_prog_ac_ct_CC=gcc
ac_cv_prog_ac_ct_CXX=g++
ac_cv_prog_ac_ct_FC=gfortran
ac_cv_prog_cc_c89=
ac_cv_prog_cc_g=yes
ac_cv_prog_cxx_g=yes
ac_cv_prog_cxx_openmp=-fopenmp
ac_cv_prog_fc_g=yes
ac_cv_prog_fc_openmp=-fopenmp
ac_cv_type__Bool=no
ac_cv_type_size_t=yes
ax_cv_check_cxxflags___fPIC=yes
ax_cv_check_cxxflags___march_native=yes
ax_cv_check_cxxflags___mavx=yes
ax_cv_check_cxxflags___mcmodel_medium=yes
ax_cv_check_fcflags___fPIC=yes
ax_cv_check_fcflags___mcmodel_medium=yes

## ----------------- ##
## Output variables. ##
## ----------------- ##

AWK='mawk'
CC='gcc'
CFLAGS='-g -O2'
CPPFLAGS=''
CUFLAGS=' -O3 -D CUDA_5 -I /usr/local/cuda/samples/common/inc'
CXX='g++'
CXXCPP='g++ -E'
CXXFLAGS=' -O3 -fopenmp -I../include -march=native -fPIC -mcmodel=medium -mavx'
DEFS='-DPACKAGE_NAME=\"Nbody6++\" -DPACKAGE_TARNAME=\"nbody6--\" -DPACKAGE_VERSION=\"1.0\" -DPACKAGE_STRING=\"Nbody6++\ 1.0\" -DPACKAGE_BUGREPORT=\"longwang.astro@gmail.com\" -DPACKAGE_URL=\"\" -DSTDC_HEADERS=1 -DHAVE_SYS_TYPES_H=1 -DHAVE_SYS_STAT_H=1 -DHAVE_STDLIB_H=1 -DHAVE_STRING_H=1 -DHAVE_MEMORY_H=1 -DHAVE_STRINGS_H=1 -DHAVE_INTTYPES_H=1 -DHAVE_STDINT_H=1 -DHAVE_UNISTD_H=1 -DHAVE_STDLIB_H=1 -DHAVE_STRING_H=1 -DHAVE_STRINGS_H=1 -DHAVE_SYS_TIME_H=1 -DHAVE_UNISTD_H=1 -DHAVE_STDLIB_H=1 -DHAVE_MALLOC=1 -DHAVE_GETTIMEOFDAY=1 -DHAVE_MEMSET=1 -DHAVE_SQRT=1 -DHAVE_STRCHR=1'
ECHO_C=''
ECHO_N='-n'
ECHO_T=''
EGREP='/bin/grep -E'
EXEEXT=''
EXTRAOBJ=' $(CUDA_OBJECTS) ${IRRAVX_OBJECTS}'
EXTRARESULT=''
EXTRASRC=' $(MPI_FSOURCES) $(HDF5_FSOURCES) $(GPU_FSOURCES)'
FC='h5pfc'
FCFLAGS=' -O3 -fPIC -mcmodel=medium -fopenmp ${SIMD_FLAGS} -I../include $(MPI_FLAGS) $(HDF5_FLAGS) $(GPU_FLAGS)'
GREP='/bin/grep'
KMAX='8192'
LDFLAGS=' -L'
LIBOBJS=''
LIBS=' -lstdc++ -L/usr/local/cuda/lib64 -lcudart'
LMAX='400'
LTLIBOBJS=''
MMAX='512'
NMAX='24576'
NVCC='nvcc'
OBJEXT='o'
OPENMP_CXXFLAGS='-fopenmp'
OPENMP_FCFLAGS='-fopenmp'
PACKAGE_BUGREPORT='longwang.astro@gmail.com'
PACKAGE_NAME='Nbody6++'
PACKAGE_STRING='Nbody6++ 1.0'
PACKAGE_TARNAME='nbody6--'
PACKAGE_URL=''
PACKAGE_VERSION='1.0'
PATH_SEPARATOR=':'
RESULT='.mpi.hdf5.avx.gpu'
SED='/bin/sed'
SHELL='/bin/bash'
ac_ct_CC='gcc'
ac_ct_CXX='g++'
ac_ct_FC='gfortran'
bindir='${exec_prefix}/bin'
build_alias=''
datadir='${datarootdir}'
datarootdir='${prefix}/share'
docdir='${datarootdir}/doc/${PACKAGE_TARNAME}'
dvidir='${docdir}'
exec_prefix='${prefix}'
host_alias=''
htmldir='${docdir}'
includedir='${prefix}/include'
infodir='${datarootdir}/info'
libdir='${exec_prefix}/lib'
libexecdir='${exec_prefix}/libexec'
localedir='${datarootdir}/locale'
localstatedir='${prefix}/var'
mandir='${datarootdir}/man'
oldincludedir='/usr/include'
pdfdir='${docdir}'
prefix='/usr/local'
program_transform_name='s,x,x,'
psdir='${docdir}'
sbindir='${exec_prefix}/sbin'
sharedstatedir='${prefix}/com'
sysconfdir='${prefix}/etc'
target_alias=''

## ----------- ##
## confdefs.h. ##
## ----------- ##

/* confdefs.h */
#define PACKAGE_NAME "Nbody6++"
#define PACKAGE_TARNAME "nbody6--"
#define PACKAGE_VERSION "1.0"
#define PACKAGE_STRING "Nbody6++ 1.0"
#define PACKAGE_BUGREPORT "longwang.astro@gmail.com"
#define PACKAGE_URL ""
#define STDC_HEADERS 1
#define HAVE_SYS_TYPES_H 1
#define HAVE_SYS_STAT_H 1
#define HAVE_STDLIB_H 1
#define HAVE_STRING_H 1
#define HAVE_MEMORY_H 1
#define HAVE_STRINGS_H 1
#define HAVE_INTTYPES_H 1
#define HAVE_STDINT_H 1
#define HAVE_UNISTD_H 1
#define HAVE_STDLIB_H 1
#define HAVE_STRING_H 1
#define HAVE_STRINGS_H 1
#define HAVE_SYS_TIME_H 1
#define HAVE_UNISTD_H 1
#define HAVE_STDLIB_H 1
#define HAVE_MALLOC 1
#define HAVE_GETTIMEOFDAY 1
#define HAVE_MEMSET 1
#define HAVE_SQRT 1
#define HAVE_STRCHR 1

configure: exit 0
